<?xml version="1.0" encoding="UTF-8"?>
<!-- Generated by org.testng.reporters.JUnitReportReporter -->
<testsuite skipped="0" hostname="LAPTOP-D5TB6QC7" name="testingPack.HandlingMouseops" tests="1" failures="0" timestamp="2020-11-11T15:59:47 IST" time="10.682" errors="0">
  <testcase name="mouseops" time="10.682" classname="testingPack.HandlingMouseops"/>
  <system-out/>
</testsuite> <!-- testingPack.HandlingMouseops -->
