<?xml version="1.0" encoding="UTF-8"?>
<!-- Generated by org.testng.reporters.JUnitReportReporter -->
<testsuite skipped="1" hostname="LAPTOP-D5TB6QC7" name="testingPack.CalorieCalculatorDDT2" tests="1" failures="0" timestamp="2020-11-13T14:42:59 IST" time="0.000" errors="0">
  <testcase name="StartUp" time="0.000" classname="testingPack.CalorieCalculatorDDT2">
    <skipped/>
  </testcase> <!-- StartUp -->
  <system-out/>
</testsuite> <!-- testingPack.CalorieCalculatorDDT2 -->
