<?xml version="1.0" encoding="UTF-8"?>
<!-- Generated by org.testng.reporters.JUnitReportReporter -->
<testsuite skipped="0" hostname="LAPTOP-D5TB6QC7" name="MakeMyTrip.TakeScreenShot" tests="1" failures="0" timestamp="2020-11-22T21:38:48 IST" time="25.175" errors="0">
  <testcase name="takeScreenshot" time="25.175" classname="MakeMyTrip.TakeScreenShot"/>
  <system-out/>
</testsuite> <!-- MakeMyTrip.TakeScreenShot -->
