<?xml version="1.0" encoding="UTF-8"?>
<!-- Generated by org.testng.reporters.JUnitReportReporter -->
<testsuite skipped="0" hostname="LAPTOP-D5TB6QC7" name="com.project.testcases.TestLogin" tests="1" failures="0" timestamp="2020-11-23T10:54:13 IST" time="21.001" errors="0">
  <testcase name="loginPage" time="21.001" classname="com.project.testcases.TestLogin"/>
  <system-out/>
</testsuite> <!-- com.project.testcases.TestLogin -->
