<?xml version="1.0" encoding="UTF-8"?>
<!-- Generated by org.testng.reporters.JUnitReportReporter -->
<testsuite skipped="0" hostname="LAPTOP-D5TB6QC7" name="com.project.testcases.CaloriePageTestCases3" tests="1" failures="0" timestamp="2020-11-13T17:10:58 IST" time="5.492" errors="0">
  <testcase name="EnterCalorieDetails" time="5.492" classname="com.project.testcases.CaloriePageTestCases3"/>
  <system-out/>
</testsuite> <!-- com.project.testcases.CaloriePageTestCases3 -->
