<?xml version="1.0" encoding="UTF-8"?>
<!-- Generated by org.testng.reporters.JUnitReportReporter -->
<testsuite skipped="0" hostname="LAPTOP-D5TB6QC7" name="testingPack.CalorieCalculatorDDTExcel" tests="2" failures="0" timestamp="2020-11-13T15:11:33 IST" time="0.830" errors="0">
  <testcase name="StartUp" time="0.237" classname="testingPack.CalorieCalculatorDDTExcel"/>
  <system-out/>
  <testcase name="StartUp" time="0.593" classname="testingPack.CalorieCalculatorDDTExcel"/>
  <system-out/>
</testsuite> <!-- testingPack.CalorieCalculatorDDTExcel -->
