<?xml version="1.0" encoding="UTF-8"?>
<!-- Generated by org.testng.reporters.JUnitReportReporter -->
<testsuite skipped="0" hostname="LAPTOP-D5TB6QC7" name="MakeMyTrip.NavigateThroughOptions" tests="1" failures="0" timestamp="2020-11-19T14:56:49 IST" time="17.500" errors="0">
  <testcase name="navigate" time="17.500" classname="MakeMyTrip.NavigateThroughOptions"/>
  <system-out/>
</testsuite> <!-- MakeMyTrip.NavigateThroughOptions -->
