<?xml version="1.0" encoding="UTF-8"?>
<!-- Generated by org.testng.reporters.JUnitReportReporter -->
<testsuite skipped="0" hostname="LAPTOP-D5TB6QC7" name="testingPack.HandlingFrames" tests="1" failures="0" timestamp="2020-11-11T15:59:47 IST" time="11.411" errors="0">
  <testcase name="handlingframe" time="11.411" classname="testingPack.HandlingFrames"/>
  <system-out/>
</testsuite> <!-- testingPack.HandlingFrames -->
