<?xml version="1.0" encoding="UTF-8"?>
<!-- Generated by org.testng.reporters.JUnitReportReporter -->
<testsuite skipped="0" hostname="LAPTOP-D5TB6QC7" name="testingPack.CalorieCalculatorDDT" tests="2" failures="0" timestamp="2020-11-12T16:34:52 IST" time="0.007" errors="0">
  <testcase name="Login" time="0.006" classname="testingPack.CalorieCalculatorDDT"/>
  <system-out/>
  <testcase name="Login" time="0.001" classname="testingPack.CalorieCalculatorDDT"/>
  <system-out/>
</testsuite> <!-- testingPack.CalorieCalculatorDDT -->
