<?xml version="1.0" encoding="UTF-8"?>
<!-- Generated by org.testng.reporters.JUnitReportReporter -->
<testsuite skipped="0" hostname="LAPTOP-D5TB6QC7" name="testingPack.LoginMakeMyTrip" tests="1" failures="0" timestamp="2020-11-17T20:14:48 IST" time="14.177" errors="0">
  <testcase name="OTPCheck" time="14.177" classname="testingPack.LoginMakeMyTrip"/>
  <system-out/>
</testsuite> <!-- testingPack.LoginMakeMyTrip -->
