<?xml version="1.0" encoding="UTF-8"?>
<!-- Generated by org.testng.reporters.JUnitReportReporter -->
<testsuite skipped="0" hostname="LAPTOP-D5TB6QC7" name="com.project.testcases.TestTakeScreenshot" tests="1" failures="0" timestamp="2020-11-23T11:50:25 IST" time="23.584" errors="0">
  <testcase name="loginPage" time="23.584" classname="com.project.testcases.TestTakeScreenshot"/>
  <system-out/>
</testsuite> <!-- com.project.testcases.TestTakeScreenshot -->
