<?xml version="1.0" encoding="UTF-8"?>
<!-- Generated by org.testng.reporters.JUnitReportReporter -->
<testsuite skipped="0" hostname="LAPTOP-D5TB6QC7" name="MakeMyTrip.LoginMakeMyTrip" tests="1" failures="0" timestamp="2020-11-22T21:09:16 IST" time="16.626" errors="0">
  <testcase name="login" time="16.626" classname="MakeMyTrip.LoginMakeMyTrip"/>
  <system-out/>
</testsuite> <!-- MakeMyTrip.LoginMakeMyTrip -->
