<?xml version="1.0" encoding="UTF-8"?>
<!-- Generated by org.testng.reporters.JUnitReportReporter -->
<testsuite skipped="0" hostname="LAPTOP-D5TB6QC7" name="testingPack.testngExample1" tests="2" failures="0" timestamp="2020-11-18T15:55:37 IST" time="0.004" errors="0">
  <testcase name="Test1" time="0.002" classname="testingPack.testngExample1"/>
  <system-out/>
  <testcase name="Test2" time="0.002" classname="testingPack.testngExample1"/>
  <system-out/>
</testsuite> <!-- testingPack.testngExample1 -->
