<?xml version="1.0" encoding="UTF-8"?>
<!-- Generated by org.testng.reporters.JUnitReportReporter -->
<testsuite skipped="0" hostname="LAPTOP-D5TB6QC7" name="com.project.testcases.CaloriePageTestCases" tests="1" failures="0" timestamp="2020-11-17T14:23:20 IST" time="23.903" errors="0">
  <testcase name="EnterCalorieDetails" time="23.903" classname="com.project.testcases.CaloriePageTestCases"/>
  <system-out/>
</testsuite> <!-- com.project.testcases.CaloriePageTestCases -->
