<?xml version="1.0" encoding="UTF-8"?>
<!-- Generated by org.testng.reporters.JUnitReportReporter -->
<testsuite skipped="0" hostname="LAPTOP-D5TB6QC7" name="com.project.testcases.LoginObjRepos" tests="1" failures="0" timestamp="2020-11-23T14:37:58 IST" time="15.215" errors="0">
  <testcase name="loginPage" time="15.215" classname="com.project.testcases.LoginObjRepos"/>
  <system-out/>
</testsuite> <!-- com.project.testcases.LoginObjRepos -->
