<?xml version="1.0" encoding="UTF-8"?>
<!-- Generated by org.testng.reporters.JUnitReportReporter -->
<testsuite skipped="0" hostname="LAPTOP-D5TB6QC7" name="com.project.testcases.SelectVillasTest" tests="1" failures="0" timestamp="2020-11-23T11:26:30 IST" time="25.987" errors="0">
  <testcase name="loginPage" time="25.987" classname="com.project.testcases.SelectVillasTest"/>
  <system-out/>
</testsuite> <!-- com.project.testcases.SelectVillasTest -->
