<?xml version="1.0" encoding="UTF-8"?>
<!-- Generated by org.testng.reporters.JUnitReportReporter -->
<testsuite skipped="0" hostname="LAPTOP-D5TB6QC7" name="com.project.testcases.CaloriePageTestCases2" tests="2" failures="0" timestamp="2020-11-13T16:49:02 IST" time="0.426" errors="0">
  <testcase name="StartUp" time="0.153" classname="com.project.testcases.CaloriePageTestCases2"/>
  <system-out/>
  <testcase name="StartUp" time="0.273" classname="com.project.testcases.CaloriePageTestCases2"/>
  <system-out/>
</testsuite> <!-- com.project.testcases.CaloriePageTestCases2 -->
