<?xml version="1.0" encoding="UTF-8"?>
<!-- Generated by org.testng.reporters.JUnitReportReporter -->
<testsuite skipped="0" hostname="LAPTOP-D5TB6QC7" name="MakeMyTrip.SelectVillasTC" tests="1" failures="0" timestamp="2020-11-22T21:28:39 IST" time="25.418" errors="0">
  <testcase name="selectVillas" time="25.418" classname="MakeMyTrip.SelectVillasTC"/>
  <system-out/>
</testsuite> <!-- MakeMyTrip.SelectVillasTC -->
