<?xml version="1.0" encoding="UTF-8"?>
<!-- Generated by org.testng.reporters.JUnitReportReporter -->
<testsuite skipped="0" hostname="LAPTOP-D5TB6QC7" name="testingPack.NavigateThroughOptions" tests="1" failures="0" timestamp="2020-11-17T17:20:42 IST" time="25.395" errors="0">
  <testcase name="navigate" time="25.395" classname="testingPack.NavigateThroughOptions"/>
  <system-out/>
</testsuite> <!-- testingPack.NavigateThroughOptions -->
