<?xml version="1.0" encoding="UTF-8"?>
<!-- Generated by org.testng.reporters.JUnitReportReporter -->
<testsuite skipped="0" hostname="LAPTOP-D5TB6QC7" name="testingPack.TakeScreenShot" tests="1" failures="0" timestamp="2020-11-18T21:12:23 IST" time="19.951" errors="0">
  <testcase name="takeScreenshot" time="19.951" classname="testingPack.TakeScreenShot"/>
  <system-out/>
</testsuite> <!-- testingPack.TakeScreenShot -->
